<?xml version="1.0" encoding="UTF-8"?>
<testng-results skipped="0" failed="0" total="1" passed="1">
  <reporter-output>
  </reporter-output>
  <suite name="Default suite" duration-ms="63237" started-at="2017-10-09T13:52:40Z" finished-at="2017-10-09T13:53:43Z">
    <groups>
    </groups>
    <test name="Default test" duration-ms="63237" started-at="2017-10-09T13:52:40Z" finished-at="2017-10-09T13:53:43Z">
      <class name="whatfix.SelfHelpautomation.TestCases.LoginPageSelfHelpTag_TC001">
        <test-method status="PASS" signature="AutomateSelfHelp()" name="AutomateSelfHelp" duration-ms="62776" started-at="2017-10-09T13:52:40Z" finished-at="2017-10-09T13:53:43Z">
        </test-method>
        <test-method status="PASS" signature="teardown(org.testng.ITestResult)" name="teardown" is-config="true" duration-ms="436" started-at="2017-10-09T13:53:43Z" finished-at="2017-10-09T13:53:43Z">
          <params>
            <param index="0">
              <value>
                <![CDATA[[TestResult: AutomateSelfHelp STATUS:SUCCESS METHOD:whatfix.SelfHelpautomation.TestCases.LoginPageSelfHelpTag_TC001.AutomateSelfHelp()]
]]>
              </value>
            </param>
          </params>
        </test-method>
      </class>
    </test>
  </suite>
</testng-results>
